> Task :gradle-plugin:settings-plugin:checkKotlinGradlePluginConfigurationErrors SKIPPED
> Task :gradle-plugin:shared:checkKotlinGradlePluginConfigurationErrors SKIPPED
> Task :gradle-plugin:shared:compileKotlin UP-TO-DATE
> Task :gradle-plugin:shared:compileJava NO-SOURCE
> Task :gradle-plugin:shared:processResources NO-SOURCE
> Task :gradle-plugin:shared:classes UP-TO-DATE
> Task :gradle-plugin:shared:jar UP-TO-DATE
> Task :gradle-plugin:settings-plugin:compileKotlin UP-TO-DATE
> Task :gradle-plugin:settings-plugin:compileJava NO-SOURCE
> Task :gradle-plugin:settings-plugin:pluginDescriptors UP-TO-DATE
> Task :gradle-plugin:settings-plugin:processResources UP-TO-DATE
> Task :gradle-plugin:settings-plugin:classes UP-TO-DATE
> Task :gradle-plugin:settings-plugin:jar UP-TO-DATE
> Task :gradle-plugin:react-native-gradle-plugin:checkKotlinGradlePluginConfigurationErrors SKIPPED
> Task :gradle-plugin:react-native-gradle-plugin:compileKotlin UP-TO-DATE
> Task :gradle-plugin:react-native-gradle-plugin:compileJava NO-SOURCE
> Task :gradle-plugin:react-native-gradle-plugin:pluginDescriptors UP-TO-DATE
> Task :gradle-plugin:react-native-gradle-plugin:processResources UP-TO-DATE
> Task :gradle-plugin:react-native-gradle-plugin:classes UP-TO-DATE
> Task :gradle-plugin:react-native-gradle-plugin:jar UP-TO-DATE
> Task :app:generateAutolinkingNewArchitectureFiles
> Task :app:generateAutolinkingPackageList
> Task :app:generateCodegenSchemaFromJavaScript SKIPPED
> Task :app:generateCodegenArtifactsFromSchema SKIPPED
> Task :app:generateReactNativeEntryPoint
> Task :react-native-async-storage_async-storage:generateCodegenSchemaFromJavaScript
> Task :react-native-async-storage_async-storage:generateCodegenArtifactsFromSchema
> Task :react-native-async-storage_async-storage:preBuild
> Task :react-native-get-random-values:generateCodegenSchemaFromJavaScript
> Task :react-native-get-random-values:generateCodegenArtifactsFromSchema
> Task :react-native-get-random-values:preBuild
> Task :react-native-safe-area-context:generateCodegenSchemaFromJavaScript
> Task :react-native-safe-area-context:generateCodegenArtifactsFromSchema
> Task :react-native-safe-area-context:preBuild
> Task :react-native-screens:generateCodegenSchemaFromJavaScript
> Task :react-native-screens:generateCodegenArtifactsFromSchema
> Task :react-native-screens:preBuild
> Task :app:preBuild
> Task :app:preDebugBuild
> Task :app:mergeDebugNativeDebugMetadata NO-SOURCE
> Task :app:checkKotlinGradlePluginConfigurationErrors SKIPPED
> Task :app:generateDebugBuildConfig
> Task :react-native-async-storage_async-storage:preDebugBuild
> Task :react-native-get-random-values:preDebugBuild
> Task :react-native-safe-area-context:preDebugBuild
> Task :react-native-async-storage_async-storage:writeDebugAarMetadata
> Task :react-native-get-random-values:writeDebugAarMetadata
> Task :react-native-screens:preDebugBuild
> Task :react-native-safe-area-context:writeDebugAarMetadata
> Task :react-native-screens:writeDebugAarMetadata
> Task :app:generateDebugResValues
> Task :react-native-async-storage_async-storage:generateDebugResValues
> Task :react-native-async-storage_async-storage:generateDebugResources
> Task :app:checkDebugAarMetadata
> Task :react-native-async-storage_async-storage:packageDebugResources
> Task :react-native-get-random-values:generateDebugResValues
> Task :react-native-get-random-values:generateDebugResources
> Task :react-native-get-random-values:packageDebugResources
> Task :react-native-safe-area-context:generateDebugResValues
> Task :react-native-safe-area-context:generateDebugResources
> Task :react-native-safe-area-context:packageDebugResources
> Task :react-native-screens:generateDebugResValues
> Task :react-native-screens:generateDebugResources
> Task :react-native-screens:packageDebugResources
> Task :app:mapDebugSourceSetPaths
> Task :app:generateDebugResources
> Task :app:packageDebugResources
> Task :app:createDebugCompatibleScreenManifests
> Task :app:extractDeepLinksDebug
> Task :react-native-async-storage_async-storage:extractDeepLinksDebug
> Task :react-native-get-random-values:extractDeepLinksDebug
> Task :react-native-safe-area-context:extractDeepLinksDebug
> Task :app:parseDebugLocalResources
> Task :react-native-screens:extractDeepLinksDebug
> Task :react-native-async-storage_async-storage:compileDebugLibraryResources
> Task :react-native-get-random-values:compileDebugLibraryResources
> Task :react-native-async-storage_async-storage:parseDebugLocalResources
> Task :react-native-get-random-values:parseDebugLocalResources
> Task :react-native-safe-area-context:compileDebugLibraryResources
> Task :react-native-screens:processDebugManifest

> Task :react-native-safe-area-context:processDebugManifest
package="com.th3rdwave.safeareacontext" found in source AndroidManifest.xml: E:\rt intern\SalesLoggerApp\node_modules\react-native-safe-area-context\android\src\main\AndroidManifest.xml.
Setting the namespace via the package attribute in the source AndroidManifest.xml is no longer supported, and the value is ignored.
Recommendation: remove package="com.th3rdwave.safeareacontext" from the source AndroidManifest.xml: E:\rt intern\SalesLoggerApp\node_modules\react-native-safe-area-context\android\src\main\AndroidManifest.xml.

> Task :react-native-async-storage_async-storage:processDebugManifest
package="com.reactnativecommunity.asyncstorage" found in source AndroidManifest.xml: E:\rt intern\SalesLoggerApp\node_modules\@react-native-async-storage\async-storage\android\src\main\AndroidManifest.xml.
Setting the namespace via the package attribute in the source AndroidManifest.xml is no longer supported, and the value is ignored.
Recommendation: remove package="com.reactnativecommunity.asyncstorage" from the source AndroidManifest.xml: E:\rt intern\SalesLoggerApp\node_modules\@react-native-async-storage\async-storage\android\src\main\AndroidManifest.xml.

> Task :react-native-get-random-values:processDebugManifest
> Task :react-native-safe-area-context:parseDebugLocalResources
> Task :react-native-async-storage_async-storage:generateDebugRFile
> Task :react-native-screens:parseDebugLocalResources
> Task :react-native-get-random-values:generateDebugRFile
> Task :react-native-screens:compileDebugLibraryResources
> Task :app:processDebugMainManifest
> Task :app:processDebugManifest
> Task :app:processDebugManifestForPackage
> Task :react-native-safe-area-context:generateDebugRFile
> Task :react-native-async-storage_async-storage:generateDebugBuildConfig
> Task :react-native-async-storage_async-storage:javaPreCompileDebug
> Task :react-native-get-random-values:generateDebugBuildConfig
> Task :react-native-screens:generateDebugRFile
> Task :app:mergeDebugResources

> Task :react-native-async-storage_async-storage:compileDebugJavaWithJavac
E:\rt intern\SalesLoggerApp\node_modules\@react-native-async-storage\async-storage\android\src\main\java\com\reactnativecommunity\asyncstorage\AsyncStorageModule.java:84: warning: [removal] onCatalystInstanceDestroy() in NativeModule has been deprecated and marked for removal
  public void onCatalystInstanceDestroy() {
              ^
Note: Some input files use or override a deprecated API.
Note: Recompile with -Xlint:deprecation for details.
Note: E:\rt intern\SalesLoggerApp\node_modules\@react-native-async-storage\async-storage\android\src\javaPackage\java\com\reactnativecommunity\asyncstorage\AsyncStoragePackage.java uses unchecked or unsafe operations.
Note: Recompile with -Xlint:unchecked for details.
1 warning

> Task :react-native-safe-area-context:checkKotlinGradlePluginConfigurationErrors SKIPPED
> Task :react-native-get-random-values:javaPreCompileDebug
> Task :react-native-safe-area-context:generateDebugBuildConfig
> Task :react-native-async-storage_async-storage:bundleLibCompileToJarDebug
> Task :react-native-get-random-values:compileDebugJavaWithJavac
> Task :react-native-get-random-values:bundleLibCompileToJarDebug
> Task :react-native-screens:checkKotlinGradlePluginConfigurationErrors SKIPPED
> Task :react-native-safe-area-context:javaPreCompileDebug
> Task :react-native-screens:generateDebugBuildConfig
> Task :app:processDebugResources
> Task :react-native-screens:javaPreCompileDebug
> Task :app:javaPreCompileDebug
> Task :app:mergeDebugShaders
> Task :app:compileDebugShaders NO-SOURCE
> Task :app:generateDebugAssets UP-TO-DATE
> Task :react-native-async-storage_async-storage:mergeDebugShaders
> Task :react-native-async-storage_async-storage:compileDebugShaders NO-SOURCE
> Task :react-native-async-storage_async-storage:generateDebugAssets UP-TO-DATE
> Task :react-native-async-storage_async-storage:mergeDebugAssets
> Task :react-native-get-random-values:mergeDebugShaders
> Task :react-native-get-random-values:compileDebugShaders NO-SOURCE
> Task :react-native-get-random-values:generateDebugAssets UP-TO-DATE
> Task :react-native-get-random-values:mergeDebugAssets
> Task :react-native-safe-area-context:mergeDebugShaders
> Task :react-native-safe-area-context:compileDebugShaders NO-SOURCE
> Task :react-native-safe-area-context:generateDebugAssets UP-TO-DATE
> Task :react-native-safe-area-context:mergeDebugAssets
> Task :react-native-screens:mergeDebugShaders
> Task :react-native-screens:compileDebugShaders NO-SOURCE
> Task :react-native-screens:generateDebugAssets UP-TO-DATE
> Task :react-native-screens:mergeDebugAssets
> Task :app:mergeDebugAssets
> Task :app:compressDebugAssets
> Task :app:desugarDebugFileDependencies
> Task :react-native-async-storage_async-storage:processDebugJavaRes NO-SOURCE
> Task :react-native-get-random-values:processDebugJavaRes NO-SOURCE
> Task :react-native-get-random-values:bundleLibRuntimeToJarDebug
> Task :react-native-async-storage_async-storage:bundleLibRuntimeToJarDebug
> Task :react-native-get-random-values:bundleLibRuntimeToDirDebug
> Task :react-native-async-storage_async-storage:bundleLibRuntimeToDirDebug
> Task :app:checkDebugDuplicateClasses

> Task :react-native-safe-area-context:compileDebugKotlin
w: file:///E:/rt%20intern/SalesLoggerApp/node_modules/react-native-safe-area-context/android/src/main/java/com/th3rdwave/safeareacontext/SafeAreaView.kt:9:8 'class UIManagerModule : ReactContextBaseJavaModule, LifecycleEventListener, UIManager' is deprecated. Deprecated in Java.
w: file:///E:/rt%20intern/SalesLoggerApp/node_modules/react-native-safe-area-context/android/src/main/java/com/th3rdwave/safeareacontext/SafeAreaView.kt:50:54 'class UIManagerModule : ReactContextBaseJavaModule, LifecycleEventListener, UIManager' is deprecated. Deprecated in Java.
w: file:///E:/rt%20intern/SalesLoggerApp/node_modules/react-native-safe-area-context/android/src/main/java/com/th3rdwave/safeareacontext/SafeAreaView.kt:59:23 'val uiImplementation: UIImplementation!' is deprecated. Deprecated in Java.
w: file:///E:/rt%20intern/SalesLoggerApp/node_modules/react-native-safe-area-context/android/src/main/java/com/th3rdwave/safeareacontext/SafeAreaViewShadowNode.kt:9:32 'class LayoutShadowNode : ReactShadowNodeImpl' is deprecated. Deprecated in Java.
w: file:///E:/rt%20intern/SalesLoggerApp/node_modules/react-native-safe-area-context/android/src/main/java/com/th3rdwave/safeareacontext/SafeAreaViewShadowNode.kt:110:61 'class NativeViewHierarchyOptimizer : Any' is deprecated. Deprecated in Java.

> Task :app:configureCMakeDebug[arm64-v8a]
> Task :react-native-safe-area-context:compileDebugJavaWithJavac
> Task :react-native-safe-area-context:processDebugJavaRes
> Task :react-native-safe-area-context:bundleLibCompileToJarDebug
> Task :react-native-safe-area-context:bundleLibRuntimeToJarDebug
> Task :react-native-safe-area-context:bundleLibRuntimeToDirDebug
> Task :app:mergeExtDexDebug
> Task :react-native-screens:compileDebugKotlin
w: file:///E:/rt%20intern/SalesLoggerApp/node_modules/react-native-screens/android/src/main/java/com/swmansion/rnscreens/RNScreensPackage.kt:62:9 The corresponding parameter in the supertype 'BaseReactPackage' is named 'name'. This may cause problems when calling this function with named arguments.
w: file:///E:/rt%20intern/SalesLoggerApp/node_modules/react-native-screens/android/src/main/java/com/swmansion/rnscreens/RNScreensPackage.kt:63:9 The corresponding parameter in the supertype 'BaseReactPackage' is named 'reactContext'. This may cause problems when calling this function with named arguments.
w: file:///E:/rt%20intern/SalesLoggerApp/node_modules/react-native-screens/android/src/main/java/com/swmansion/rnscreens/RNScreensPackage.kt:76:17 'constructor(name: String, className: String, canOverrideExistingModule: Boolean, needsEagerInit: Boolean, hasConstants: Boolean, isCxxModule: Boolean, isTurboModule: Boolean): ReactModuleInfo' is deprecated. This constructor is deprecated and will be removed in the future. Use ReactModuleInfo(String, String, boolean, boolean, boolean, boolean)].
w: file:///E:/rt%20intern/SalesLoggerApp/node_modules/react-native-screens/android/src/main/java/com/swmansion/rnscreens/Screen.kt:26:8 'class UIManagerModule : ReactContextBaseJavaModule, LifecycleEventListener, UIManager' is deprecated. Deprecated in Java.
w: file:///E:/rt%20intern/SalesLoggerApp/node_modules/react-native-screens/android/src/main/java/com/swmansion/rnscreens/Screen.kt:56:77 Unchecked cast of '(CoordinatorLayout.Behavior<View!>?..CoordinatorLayout.Behavior<*>?)' to 'BottomSheetBehavior<Screen>'.
w: file:///E:/rt%20intern/SalesLoggerApp/node_modules/react-native-screens/android/src/main/java/com/swmansion/rnscreens/Screen.kt:428:42 'class UIManagerModule : ReactContextBaseJavaModule, LifecycleEventListener, UIManager' is deprecated. Deprecated in Java.
w: file:///E:/rt%20intern/SalesLoggerApp/node_modules/react-native-screens/android/src/main/java/com/swmansion/rnscreens/ScreenContainerViewManager.kt:6:8 'class LayoutShadowNode : ReactShadowNodeImpl' is deprecated. Deprecated in Java.
w: file:///E:/rt%20intern/SalesLoggerApp/node_modules/react-native-screens/android/src/main/java/com/swmansion/rnscreens/ScreenContainerViewManager.kt:56:78 'class LayoutShadowNode : ReactShadowNodeImpl' is deprecated. Deprecated in Java.
w: file:///E:/rt%20intern/SalesLoggerApp/node_modules/react-native-screens/android/src/main/java/com/swmansion/rnscreens/ScreenStackFragment.kt:222:31 'var targetElevation: Float' is deprecated. Deprecated in Java.
w: file:///E:/rt%20intern/SalesLoggerApp/node_modules/react-native-screens/android/src/main/java/com/swmansion/rnscreens/ScreenStackFragment.kt:225:13 'fun setHasOptionsMenu(p0: Boolean): Unit' is deprecated. Deprecated in Java.
w: file:///E:/rt%20intern/SalesLoggerApp/node_modules/react-native-screens/android/src/main/java/com/swmansion/rnscreens/ScreenStackFragment.kt:404:18 This declaration overrides a deprecated member but is not marked as deprecated itself. Add the '@Deprecated' annotation or suppress the diagnostic.
w: file:///E:/rt%20intern/SalesLoggerApp/node_modules/react-native-screens/android/src/main/java/com/swmansion/rnscreens/ScreenStackFragment.kt:411:22 'fun onPrepareOptionsMenu(p0: Menu): Unit' is deprecated. Deprecated in Java.
w: file:///E:/rt%20intern/SalesLoggerApp/node_modules/react-native-screens/android/src/main/java/com/swmansion/rnscreens/ScreenStackFragment.kt:414:18 This declaration overrides a deprecated member but is not marked as deprecated itself. Add the '@Deprecated' annotation or suppress the diagnostic.
w: file:///E:/rt%20intern/SalesLoggerApp/node_modules/react-native-screens/android/src/main/java/com/swmansion/rnscreens/ScreenStackFragment.kt:419:22 'fun onCreateOptionsMenu(p0: Menu, p1: MenuInflater): Unit' is deprecated. Deprecated in Java.
w: file:///E:/rt%20intern/SalesLoggerApp/node_modules/react-native-screens/android/src/main/java/com/swmansion/rnscreens/ScreenStackHeaderConfig.kt:441:22 'val reactNativeHost: ReactNativeHost' is deprecated. You should not use ReactNativeHost directly in the New Architecture. Use ReactHost instead.
w: file:///E:/rt%20intern/SalesLoggerApp/node_modules/react-native-screens/android/src/main/java/com/swmansion/rnscreens/ScreenStackHeaderConfigShadowNode.kt:4:8 'class LayoutShadowNode : ReactShadowNodeImpl' is deprecated. Deprecated in Java.
w: file:///E:/rt%20intern/SalesLoggerApp/node_modules/react-native-screens/android/src/main/java/com/swmansion/rnscreens/ScreenStackHeaderConfigShadowNode.kt:10:5 'class LayoutShadowNode : ReactShadowNodeImpl' is deprecated. Deprecated in Java.
w: file:///E:/rt%20intern/SalesLoggerApp/node_modules/react-native-screens/android/src/main/java/com/swmansion/rnscreens/ScreenStackHeaderConfigViewManager.kt:9:8 'class LayoutShadowNode : ReactShadowNodeImpl' is deprecated. Deprecated in Java.
w: file:///E:/rt%20intern/SalesLoggerApp/node_modules/react-native-screens/android/src/main/java/com/swmansion/rnscreens/ScreenStackHeaderConfigViewManager.kt:37:78 'class LayoutShadowNode : ReactShadowNodeImpl' is deprecated. Deprecated in Java.
w: file:///E:/rt%20intern/SalesLoggerApp/node_modules/react-native-screens/android/src/main/java/com/swmansion/rnscreens/ScreenStackViewManager.kt:6:8 'class LayoutShadowNode : ReactShadowNodeImpl' is deprecated. Deprecated in Java.
w: file:///E:/rt%20intern/SalesLoggerApp/node_modules/react-native-screens/android/src/main/java/com/swmansion/rnscreens/ScreenStackViewManager.kt:65:78 'class LayoutShadowNode : ReactShadowNodeImpl' is deprecated. Deprecated in Java.
w: file:///E:/rt%20intern/SalesLoggerApp/node_modules/react-native-screens/android/src/main/java/com/swmansion/rnscreens/ScreenWindowTraits.kt:48:42 'fun replaceSystemWindowInsets(p0: Int, p1: Int, p2: Int, p3: Int): @NonNull() WindowInsetsCompat' is deprecated. Deprecated in Java.
w: file:///E:/rt%20intern/SalesLoggerApp/node_modules/react-native-screens/android/src/main/java/com/swmansion/rnscreens/ScreenWindowTraits.kt:49:39 'val systemWindowInsetLeft: Int' is deprecated. Deprecated in Java.
w: file:///E:/rt%20intern/SalesLoggerApp/node_modules/react-native-screens/android/src/main/java/com/swmansion/rnscreens/ScreenWindowTraits.kt:51:39 'val systemWindowInsetRight: Int' is deprecated. Deprecated in Java.
w: file:///E:/rt%20intern/SalesLoggerApp/node_modules/react-native-screens/android/src/main/java/com/swmansion/rnscreens/ScreenWindowTraits.kt:52:39 'val systemWindowInsetBottom: Int' is deprecated. Deprecated in Java.
w: file:///E:/rt%20intern/SalesLoggerApp/node_modules/react-native-screens/android/src/main/java/com/swmansion/rnscreens/ScreensShadowNode.kt:4:8 'class LayoutShadowNode : ReactShadowNodeImpl' is deprecated. Deprecated in Java.
w: file:///E:/rt%20intern/SalesLoggerApp/node_modules/react-native-screens/android/src/main/java/com/swmansion/rnscreens/ScreensShadowNode.kt:5:8 'class NativeViewHierarchyManager : Any' is deprecated. Deprecated in Java.
w: file:///E:/rt%20intern/SalesLoggerApp/node_modules/react-native-screens/android/src/main/java/com/swmansion/rnscreens/ScreensShadowNode.kt:6:8 'class NativeViewHierarchyOptimizer : Any' is deprecated. Deprecated in Java.
w: file:///E:/rt%20intern/SalesLoggerApp/node_modules/react-native-screens/android/src/main/java/com/swmansion/rnscreens/ScreensShadowNode.kt:7:8 'class UIManagerModule : ReactContextBaseJavaModule, LifecycleEventListener, UIManager' is deprecated. Deprecated in Java.
w: file:///E:/rt%20intern/SalesLoggerApp/node_modules/react-native-screens/android/src/main/java/com/swmansion/rnscreens/ScreensShadowNode.kt:11:5 'class LayoutShadowNode : ReactShadowNodeImpl' is deprecated. Deprecated in Java.
w: file:///E:/rt%20intern/SalesLoggerApp/node_modules/react-native-screens/android/src/main/java/com/swmansion/rnscreens/ScreensShadowNode.kt:12:63 'class NativeViewHierarchyOptimizer : Any' is deprecated. Deprecated in Java.
w: file:///E:/rt%20intern/SalesLoggerApp/node_modules/react-native-screens/android/src/main/java/com/swmansion/rnscreens/ScreensShadowNode.kt:14:34 'class UIManagerModule : ReactContextBaseJavaModule, LifecycleEventListener, UIManager' is deprecated. Deprecated in Java.
w: file:///E:/rt%20intern/SalesLoggerApp/node_modules/react-native-screens/android/src/main/java/com/swmansion/rnscreens/ScreensShadowNode.kt:14:106 'class NativeViewHierarchyManager : Any' is deprecated. Deprecated in Java.
w: file:///E:/rt%20intern/SalesLoggerApp/node_modules/react-native-screens/android/src/main/java/com/swmansion/rnscreens/bottomsheet/BottomSheetDialogRootView.kt:7:8 'object ReactFeatureFlags : Any' is deprecated. Use com.facebook.react.internal.featureflags.ReactNativeFeatureFlags instead.
w: file:///E:/rt%20intern/SalesLoggerApp/node_modules/react-native-screens/android/src/main/java/com/swmansion/rnscreens/bottomsheet/BottomSheetDialogRootView.kt:25:13 'object ReactFeatureFlags : Any' is deprecated. Use com.facebook.react.internal.featureflags.ReactNativeFeatureFlags instead.
w: file:///E:/rt%20intern/SalesLoggerApp/node_modules/react-native-screens/android/src/main/java/com/swmansion/rnscreens/bottomsheet/BottomSheetDialogRootView.kt:32:9 The corresponding parameter in the supertype 'ReactViewGroup' is named 'left'. This may cause problems when calling this function with named arguments.
w: file:///E:/rt%20intern/SalesLoggerApp/node_modules/react-native-screens/android/src/main/java/com/swmansion/rnscreens/bottomsheet/BottomSheetDialogRootView.kt:33:9 The corresponding parameter in the supertype 'ReactViewGroup' is named 'top'. This may cause problems when calling this function with named arguments.
w: file:///E:/rt%20intern/SalesLoggerApp/node_modules/react-native-screens/android/src/main/java/com/swmansion/rnscreens/bottomsheet/BottomSheetDialogRootView.kt:34:9 The corresponding parameter in the supertype 'ReactViewGroup' is named 'right'. This may cause problems when calling this function with named arguments.
w: file:///E:/rt%20intern/SalesLoggerApp/node_modules/react-native-screens/android/src/main/java/com/swmansion/rnscreens/bottomsheet/BottomSheetDialogRootView.kt:35:9 The corresponding parameter in the supertype 'ReactViewGroup' is named 'bottom'. This may cause problems when calling this function with named arguments.
w: file:///E:/rt%20intern/SalesLoggerApp/node_modules/react-native-screens/android/src/main/java/com/swmansion/rnscreens/bottomsheet/BottomSheetDialogRootView.kt:71:9 The corresponding parameter in the supertype 'RootView' is named 'childView'. This may cause problems when calling this function with named arguments.
w: file:///E:/rt%20intern/SalesLoggerApp/node_modules/react-native-screens/android/src/main/java/com/swmansion/rnscreens/bottomsheet/BottomSheetDialogRootView.kt:72:9 The corresponding parameter in the supertype 'RootView' is named 'ev'. This may cause problems when calling this function with named arguments.
w: file:///E:/rt%20intern/SalesLoggerApp/node_modules/react-native-screens/android/src/main/java/com/swmansion/rnscreens/bottomsheet/BottomSheetDialogRootView.kt:79:46 The corresponding parameter in the supertype 'RootView' is named 'ev'. This may cause problems when calling this function with named arguments.
w: file:///E:/rt%20intern/SalesLoggerApp/node_modules/react-native-screens/android/src/main/java/com/swmansion/rnscreens/bottomsheet/BottomSheetDialogRootView.kt:83:9 The corresponding parameter in the supertype 'RootView' is named 'childView'. This may cause problems when calling this function with named arguments.
w: file:///E:/rt%20intern/SalesLoggerApp/node_modules/react-native-screens/android/src/main/java/com/swmansion/rnscreens/bottomsheet/BottomSheetDialogRootView.kt:84:9 The corresponding parameter in the supertype 'RootView' is named 'ev'. This may cause problems when calling this function with named arguments.
w: file:///E:/rt%20intern/SalesLoggerApp/node_modules/react-native-screens/android/src/main/java/com/swmansion/rnscreens/bottomsheet/BottomSheetDialogRootView.kt:95:34 The corresponding parameter in the supertype 'RootView' is named 't'. This may cause problems when calling this function with named arguments.
w: file:///E:/rt%20intern/SalesLoggerApp/node_modules/react-native-screens/android/src/main/java/com/swmansion/rnscreens/bottomsheet/DimmingView.kt:64:9 The corresponding parameter in the supertype 'ReactCompoundView' is named 'touchX'. This may cause problems when calling this function with named arguments.
w: file:///E:/rt%20intern/SalesLoggerApp/node_modules/react-native-screens/android/src/main/java/com/swmansion/rnscreens/bottomsheet/DimmingView.kt:65:9 The corresponding parameter in the supertype 'ReactCompoundView' is named 'touchY'. This may cause problems when calling this function with named arguments.
w: file:///E:/rt%20intern/SalesLoggerApp/node_modules/react-native-screens/android/src/main/java/com/swmansion/rnscreens/bottomsheet/DimmingView.kt:69:9 The corresponding parameter in the supertype 'ReactCompoundViewGroup' is named 'touchX'. This may cause problems when calling this function with named arguments.
w: file:///E:/rt%20intern/SalesLoggerApp/node_modules/react-native-screens/android/src/main/java/com/swmansion/rnscreens/bottomsheet/DimmingView.kt:70:9 The corresponding parameter in the supertype 'ReactCompoundViewGroup' is named 'touchY'. This may cause problems when calling this function with named arguments.
w: file:///E:/rt%20intern/SalesLoggerApp/node_modules/react-native-screens/android/src/main/java/com/swmansion/rnscreens/gamma/tabs/TabsHostViewManager.kt:37:9 The corresponding parameter in the supertype 'TabsHostViewManager' is named 'view'. This may cause problems when calling this function with named arguments.
w: file:///E:/rt%20intern/SalesLoggerApp/node_modules/react-native-screens/android/src/main/java/com/swmansion/rnscreens/safearea/SafeAreaView.kt:19:8 'class UIManagerModule : ReactContextBaseJavaModule, LifecycleEventListener, UIManager' is deprecated. Deprecated in Java.
w: file:///E:/rt%20intern/SalesLoggerApp/node_modules/react-native-screens/android/src/main/java/com/swmansion/rnscreens/safearea/SafeAreaView.kt:153:45 'fun consumeDisplayCutout(): @NonNull() WindowInsetsCompat' is deprecated. Deprecated in Java.
w: file:///E:/rt%20intern/SalesLoggerApp/node_modules/react-native-screens/android/src/main/java/com/swmansion/rnscreens/safearea/SafeAreaView.kt:194:58 'class UIManagerModule : ReactContextBaseJavaModule, LifecycleEventListener, UIManager' is deprecated. Deprecated in Java.
w: file:///E:/rt%20intern/SalesLoggerApp/node_modules/react-native-screens/android/src/main/java/com/swmansion/rnscreens/safearea/SafeAreaView.kt:201:31 'val uiImplementation: UIImplementation!' is deprecated. Deprecated in Java.
w: file:///E:/rt%20intern/SalesLoggerApp/node_modules/react-native-screens/android/src/main/java/com/swmansion/rnscreens/safearea/paper/SafeAreaViewShadowNode.kt:7:8 'class LayoutShadowNode : ReactShadowNodeImpl' is deprecated. Deprecated in Java.
w: file:///E:/rt%20intern/SalesLoggerApp/node_modules/react-native-screens/android/src/main/java/com/swmansion/rnscreens/safearea/paper/SafeAreaViewShadowNode.kt:8:8 'class NativeViewHierarchyOptimizer : Any' is deprecated. Deprecated in Java.
w: file:///E:/rt%20intern/SalesLoggerApp/node_modules/react-native-screens/android/src/main/java/com/swmansion/rnscreens/safearea/paper/SafeAreaViewShadowNode.kt:14:32 'class LayoutShadowNode : ReactShadowNodeImpl' is deprecated. Deprecated in Java.
w: file:///E:/rt%20intern/SalesLoggerApp/node_modules/react-native-screens/android/src/main/java/com/swmansion/rnscreens/safearea/paper/SafeAreaViewShadowNode.kt:83:63 'class NativeViewHierarchyOptimizer : Any' is deprecated. Deprecated in Java.

> Task :app:buildCMakeDebug[arm64-v8a]
C/C++: Hard link from 'C:\Users\krishna\.gradle\caches\9.0.0\transforms\df62f4a3c6818dc3cc09553936c6f2fd\transformed\react-android-0.84.1-debug\prefab\modules\reactnative\libs\android.arm64-v8a\libreactnative.so' to 'E:\rt intern\SalesLoggerApp\android\app\build\intermediates\cxx\Debug\4n3p3q3x\obj\arm64-v8a\libreactnative.so' failed. Doing a slower copy instead.
C/C++: Hard link from 'C:\Users\krishna\.gradle\caches\9.0.0\transforms\df62f4a3c6818dc3cc09553936c6f2fd\transformed\react-android-0.84.1-debug\prefab\modules\reactnative\libs\android.arm64-v8a\libreactnative.so' to 'E:\rt intern\SalesLoggerApp\android\app\build\intermediates\cxx\Debug\4n3p3q3x\obj\arm64-v8a\libreactnative.so' failed. Doing a slower copy instead.

> Task :react-native-screens:compileDebugJavaWithJavac
> Task :react-native-screens:processDebugJavaRes
> Task :react-native-screens:bundleLibRuntimeToJarDebug
> Task :react-native-screens:bundleLibCompileToJarDebug
> Task :react-native-screens:bundleLibRuntimeToDirDebug
> Task :app:configureCMakeDebug[armeabi-v7a]
> Task :app:compileDebugKotlin
> Task :app:buildCMakeDebug[armeabi-v7a]
C/C++: Hard link from 'C:\Users\krishna\.gradle\caches\9.0.0\transforms\df62f4a3c6818dc3cc09553936c6f2fd\transformed\react-android-0.84.1-debug\prefab\modules\reactnative\libs\android.armeabi-v7a\libreactnative.so' to 'E:\rt intern\SalesLoggerApp\android\app\build\intermediates\cxx\Debug\4n3p3q3x\obj\armeabi-v7a\libreactnative.so' failed. Doing a slower copy instead.
C/C++: Hard link from 'C:\Users\krishna\.gradle\caches\9.0.0\transforms\df62f4a3c6818dc3cc09553936c6f2fd\transformed\react-android-0.84.1-debug\prefab\modules\reactnative\libs\android.armeabi-v7a\libreactnative.so' to 'E:\rt intern\SalesLoggerApp\android\app\build\intermediates\cxx\Debug\4n3p3q3x\obj\armeabi-v7a\libreactnative.so' failed. Doing a slower copy instead.

> Task :app:compileDebugJavaWithJavac
> Task :app:dexBuilderDebug
> Task :app:processDebugJavaRes
> Task :app:mergeDebugGlobalSynthetics
> Task :app:mergeProjectDexDebug
> Task :app:mergeLibDexDebug
> Task :app:mergeDebugJavaResource
> Task :app:configureCMakeDebug[x86]
> Task :app:buildCMakeDebug[x86]
C/C++: Hard link from 'C:\Users\krishna\.gradle\caches\9.0.0\transforms\df62f4a3c6818dc3cc09553936c6f2fd\transformed\react-android-0.84.1-debug\prefab\modules\reactnative\libs\android.x86\libreactnative.so' to 'E:\rt intern\SalesLoggerApp\android\app\build\intermediates\cxx\Debug\4n3p3q3x\obj\x86\libreactnative.so' failed. Doing a slower copy instead.
C/C++: Hard link from 'C:\Users\krishna\.gradle\caches\9.0.0\transforms\df62f4a3c6818dc3cc09553936c6f2fd\transformed\react-android-0.84.1-debug\prefab\modules\reactnative\libs\android.x86\libreactnative.so' to 'E:\rt intern\SalesLoggerApp\android\app\build\intermediates\cxx\Debug\4n3p3q3x\obj\x86\libreactnative.so' failed. Doing a slower copy instead.

> Task :app:configureCMakeDebug[x86_64]
> Task :app:buildCMakeDebug[x86_64]
C/C++: Hard link from 'C:\Users\krishna\.gradle\caches\9.0.0\transforms\df62f4a3c6818dc3cc09553936c6f2fd\transformed\react-android-0.84.1-debug\prefab\modules\reactnative\libs\android.x86_64\libreactnative.so' to 'E:\rt intern\SalesLoggerApp\android\app\build\intermediates\cxx\Debug\4n3p3q3x\obj\x86_64\libreactnative.so' failed. Doing a slower copy instead.
C/C++: Hard link from 'C:\Users\krishna\.gradle\caches\9.0.0\transforms\df62f4a3c6818dc3cc09553936c6f2fd\transformed\react-android-0.84.1-debug\prefab\modules\reactnative\libs\android.x86_64\libreactnative.so' to 'E:\rt intern\SalesLoggerApp\android\app\build\intermediates\cxx\Debug\4n3p3q3x\obj\x86_64\libreactnative.so' failed. Doing a slower copy instead.

> Task :app:mergeDebugJniLibFolders
> Task :react-native-async-storage_async-storage:mergeDebugJniLibFolders
> Task :react-native-async-storage_async-storage:mergeDebugNativeLibs NO-SOURCE
> Task :react-native-get-random-values:mergeDebugJniLibFolders
> Task :react-native-async-storage_async-storage:copyDebugJniLibsProjectOnly
> Task :react-native-get-random-values:mergeDebugNativeLibs NO-SOURCE
> Task :react-native-get-random-values:copyDebugJniLibsProjectOnly
> Task :react-native-safe-area-context:mergeDebugJniLibFolders
> Task :react-native-safe-area-context:mergeDebugNativeLibs NO-SOURCE
> Task :react-native-safe-area-context:copyDebugJniLibsProjectOnly
> Task :react-native-screens:configureCMakeDebug[arm64-v8a]

> Task :react-native-screens:buildCMakeDebug[arm64-v8a]
C/C++: Hard link from 'C:\Users\krishna\.gradle\caches\9.0.0\transforms\df62f4a3c6818dc3cc09553936c6f2fd\transformed\react-android-0.84.1-debug\prefab\modules\reactnative\libs\android.arm64-v8a\libreactnative.so' to 'E:\rt intern\SalesLoggerApp\node_modules\react-native-screens\android\build\intermediates\cxx\Debug\612e2k3a\obj\arm64-v8a\libreactnative.so' failed. Doing a slower copy instead.
C/C++: Hard link from 'C:\Users\krishna\.gradle\caches\9.0.0\transforms\df62f4a3c6818dc3cc09553936c6f2fd\transformed\react-android-0.84.1-debug\prefab\modules\reactnative\libs\android.arm64-v8a\libreactnative.so' to 'E:\rt intern\SalesLoggerApp\node_modules\react-native-screens\android\build\intermediates\cxx\Debug\612e2k3a\obj\arm64-v8a\libreactnative.so' failed. Doing a slower copy instead.

> Task :react-native-screens:configureCMakeDebug[armeabi-v7a]

> Task :react-native-screens:buildCMakeDebug[armeabi-v7a]
C/C++: Hard link from 'C:\Users\krishna\.gradle\caches\9.0.0\transforms\df62f4a3c6818dc3cc09553936c6f2fd\transformed\react-android-0.84.1-debug\prefab\modules\reactnative\libs\android.armeabi-v7a\libreactnative.so' to 'E:\rt intern\SalesLoggerApp\node_modules\react-native-screens\android\build\intermediates\cxx\Debug\612e2k3a\obj\armeabi-v7a\libreactnative.so' failed. Doing a slower copy instead.
C/C++: Hard link from 'C:\Users\krishna\.gradle\caches\9.0.0\transforms\df62f4a3c6818dc3cc09553936c6f2fd\transformed\react-android-0.84.1-debug\prefab\modules\reactnative\libs\android.armeabi-v7a\libreactnative.so' to 'E:\rt intern\SalesLoggerApp\node_modules\react-native-screens\android\build\intermediates\cxx\Debug\612e2k3a\obj\armeabi-v7a\libreactnative.so' failed. Doing a slower copy instead.

> Task :react-native-screens:configureCMakeDebug[x86]

> Task :react-native-screens:buildCMakeDebug[x86]
C/C++: Hard link from 'C:\Users\krishna\.gradle\caches\9.0.0\transforms\df62f4a3c6818dc3cc09553936c6f2fd\transformed\react-android-0.84.1-debug\prefab\modules\reactnative\libs\android.x86\libreactnative.so' to 'E:\rt intern\SalesLoggerApp\node_modules\react-native-screens\android\build\intermediates\cxx\Debug\612e2k3a\obj\x86\libreactnative.so' failed. Doing a slower copy instead.
C/C++: Hard link from 'C:\Users\krishna\.gradle\caches\9.0.0\transforms\df62f4a3c6818dc3cc09553936c6f2fd\transformed\react-android-0.84.1-debug\prefab\modules\reactnative\libs\android.x86\libreactnative.so' to 'E:\rt intern\SalesLoggerApp\node_modules\react-native-screens\android\build\intermediates\cxx\Debug\612e2k3a\obj\x86\libreactnative.so' failed. Doing a slower copy instead.

> Task :react-native-screens:configureCMakeDebug[x86_64]

> Task :react-native-screens:buildCMakeDebug[x86_64]
C/C++: Hard link from 'C:\Users\krishna\.gradle\caches\9.0.0\transforms\df62f4a3c6818dc3cc09553936c6f2fd\transformed\react-android-0.84.1-debug\prefab\modules\reactnative\libs\android.x86_64\libreactnative.so' to 'E:\rt intern\SalesLoggerApp\node_modules\react-native-screens\android\build\intermediates\cxx\Debug\612e2k3a\obj\x86_64\libreactnative.so' failed. Doing a slower copy instead.
C/C++: Hard link from 'C:\Users\krishna\.gradle\caches\9.0.0\transforms\df62f4a3c6818dc3cc09553936c6f2fd\transformed\react-android-0.84.1-debug\prefab\modules\reactnative\libs\android.x86_64\libreactnative.so' to 'E:\rt intern\SalesLoggerApp\node_modules\react-native-screens\android\build\intermediates\cxx\Debug\612e2k3a\obj\x86_64\libreactnative.so' failed. Doing a slower copy instead.

> Task :react-native-screens:mergeDebugJniLibFolders
> Task :app:validateSigningDebug
> Task :app:writeDebugAppMetadata
> Task :app:writeDebugSigningConfigVersions
> Task :react-native-async-storage_async-storage:stripDebugDebugSymbols NO-SOURCE
> Task :react-native-async-storage_async-storage:copyDebugJniLibsProjectAndLocalJars
> Task :react-native-screens:mergeDebugNativeLibs
> Task :react-native-async-storage_async-storage:extractDebugAnnotations
> Task :react-native-async-storage_async-storage:extractDeepLinksForAarDebug
> Task :react-native-async-storage_async-storage:mergeDebugGeneratedProguardFiles
> Task :react-native-async-storage_async-storage:mergeDebugConsumerProguardFiles
> Task :react-native-async-storage_async-storage:prepareDebugArtProfile
> Task :react-native-async-storage_async-storage:prepareLintJarForPublish
> Task :react-native-get-random-values:stripDebugDebugSymbols NO-SOURCE
> Task :react-native-get-random-values:copyDebugJniLibsProjectAndLocalJars
> Task :react-native-async-storage_async-storage:mergeDebugJavaResource
> Task :react-native-screens:copyDebugJniLibsProjectOnly
> Task :react-native-get-random-values:extractDebugAnnotations
> Task :react-native-async-storage_async-storage:syncDebugLibJars
> Task :react-native-async-storage_async-storage:bundleDebugAar
> Task :react-native-async-storage_async-storage:assembleDebug
> Task :react-native-get-random-values:extractDeepLinksForAarDebug
> Task :react-native-get-random-values:mergeDebugGeneratedProguardFiles
> Task :react-native-get-random-values:mergeDebugConsumerProguardFiles
> Task :react-native-get-random-values:prepareDebugArtProfile
> Task :react-native-get-random-values:prepareLintJarForPublish
> Task :react-native-safe-area-context:stripDebugDebugSymbols NO-SOURCE
> Task :react-native-safe-area-context:copyDebugJniLibsProjectAndLocalJars
> Task :react-native-get-random-values:mergeDebugJavaResource
> Task :react-native-safe-area-context:extractDebugAnnotations
> Task :react-native-get-random-values:syncDebugLibJars
> Task :react-native-get-random-values:bundleDebugAar
> Task :react-native-get-random-values:assembleDebug
> Task :react-native-safe-area-context:extractDeepLinksForAarDebug
> Task :react-native-safe-area-context:mergeDebugGeneratedProguardFiles
> Task :react-native-safe-area-context:mergeDebugConsumerProguardFiles
> Task :react-native-safe-area-context:prepareDebugArtProfile
> Task :react-native-safe-area-context:prepareLintJarForPublish
> Task :react-native-safe-area-context:mergeDebugJavaResource
> Task :react-native-screens:extractDebugAnnotations
> Task :react-native-safe-area-context:syncDebugLibJars
> Task :react-native-safe-area-context:bundleDebugAar
> Task :react-native-safe-area-context:assembleDebug
> Task :react-native-screens:extractDeepLinksForAarDebug
> Task :react-native-screens:mergeDebugGeneratedProguardFiles
> Task :react-native-screens:mergeDebugConsumerProguardFiles
> Task :react-native-screens:prepareDebugArtProfile
> Task :react-native-screens:stripDebugDebugSymbols
> Task :react-native-screens:prepareLintJarForPublish
> Task :react-native-screens:mergeDebugJavaResource
> Task :react-native-screens:copyDebugJniLibsProjectAndLocalJars
> Task :react-native-screens:syncDebugLibJars
> Task :react-native-screens:bundleDebugAar
> Task :react-native-screens:assembleDebug
> Task :app:mergeDebugNativeLibs
> Task :app:stripDebugDebugSymbols
> Task :app:packageDebug
> Task :app:createDebugApkListingFileRedirect
> Task :app:assembleDebug

[Incubating] Problems report is available at: file:///E:/rt%20intern/SalesLoggerApp/android/build/reports/problems/problems-report.html

Deprecated Gradle features were used in this build, making it incompatible with Gradle 10.

You can use '--warning-mode all' to show the individual deprecation warnings and determine if they come from your own scripts or plugins.

For more on this, please refer to https://docs.gradle.org/9.0.0/userguide/command_line_interface.html#sec:command_line_warnings in the Gradle documentation.

BUILD SUCCESSFUL in 4m 47s
196 actionable tasks: 186 executed, 10 up-to-date
Consider enabling configuration cache to speed up this build: https://docs.gradle.org/9.0.0/userguide/configuration_cache_enabling.html
